02-05 22:30:50 com_github_MitjaNemec_PlaceFootprints.action_place_footprints 674:Plugin executed on: 'win32'
02-05 22:30:50 com_github_MitjaNemec_PlaceFootprints.action_place_footprints 675:Plugin executed with python version: '3.11.5 (main, Jan 27 2025, 07:08:36) [MSC v.1942 64 bit (AMD64)]'
02-05 22:30:50 com_github_MitjaNemec_PlaceFootprints.action_place_footprints 676:KiCad build version: 9.0.1
02-05 22:30:50 com_github_MitjaNemec_PlaceFootprints.action_place_footprints 677:Plugin version: 4.0.1
02-05 22:30:50 com_github_MitjaNemec_PlaceFootprints.action_place_footprints 678:Frame repr: <wx._core.Frame object at 0x000001C759D0EF80>
02-05 22:30:50 com_github_MitjaNemec_PlaceFootprints.place_footprints 121:getting a list of all footprints on board
02-05 22:30:50 com_github_MitjaNemec_PlaceFootprints.place_footprints 156:Footprint U4 on root level
02-05 22:30:50 com_github_MitjaNemec_PlaceFootprints.place_footprints 156:Footprint J8 on root level
02-05 22:30:50 com_github_MitjaNemec_PlaceFootprints.place_footprints 156:Footprint C18 on root level
02-05 22:30:50 com_github_MitjaNemec_PlaceFootprints.place_footprints 156:Footprint C7 on root level
02-05 22:30:50 com_github_MitjaNemec_PlaceFootprints.place_footprints 156:Footprint U2 on root level
02-05 22:30:50 com_github_MitjaNemec_PlaceFootprints.place_footprints 156:Footprint C6 on root level
02-05 22:30:50 com_github_MitjaNemec_PlaceFootprints.place_footprints 156:Footprint R5 on root level
02-05 22:30:50 com_github_MitjaNemec_PlaceFootprints.place_footprints 156:Footprint Y1 on root level
02-05 22:30:50 com_github_MitjaNemec_PlaceFootprints.place_footprints 156:Footprint D4 on root level
02-05 22:30:50 com_github_MitjaNemec_PlaceFootprints.place_footprints 156:Footprint SW1 on root level
02-05 22:30:50 com_github_MitjaNemec_PlaceFootprints.place_footprints 156:Footprint C10 on root level
02-05 22:30:50 com_github_MitjaNemec_PlaceFootprints.place_footprints 156:Footprint D1 on root level
02-05 22:30:50 com_github_MitjaNemec_PlaceFootprints.place_footprints 156:Footprint J6 on root level
02-05 22:30:50 com_github_MitjaNemec_PlaceFootprints.place_footprints 156:Footprint Y3 on root level
02-05 22:30:50 com_github_MitjaNemec_PlaceFootprints.place_footprints 156:Footprint C2 on root level
02-05 22:30:50 com_github_MitjaNemec_PlaceFootprints.place_footprints 156:Footprint C15 on root level
02-05 22:30:50 com_github_MitjaNemec_PlaceFootprints.place_footprints 156:Footprint U1 on root level
02-05 22:30:50 com_github_MitjaNemec_PlaceFootprints.place_footprints 156:Footprint J7 on root level
02-05 22:30:50 com_github_MitjaNemec_PlaceFootprints.place_footprints 156:Footprint R11 on root level
02-05 22:30:50 com_github_MitjaNemec_PlaceFootprints.place_footprints 156:Footprint U3 on root level
02-05 22:30:50 com_github_MitjaNemec_PlaceFootprints.place_footprints 156:Footprint L1 on root level
02-05 22:30:50 com_github_MitjaNemec_PlaceFootprints.place_footprints 156:Footprint C11 on root level
02-05 22:30:50 com_github_MitjaNemec_PlaceFootprints.place_footprints 156:Footprint R1 on root level
02-05 22:30:50 com_github_MitjaNemec_PlaceFootprints.place_footprints 156:Footprint C1 on root level
02-05 22:30:50 com_github_MitjaNemec_PlaceFootprints.place_footprints 156:Footprint C3 on root level
02-05 22:30:50 com_github_MitjaNemec_PlaceFootprints.place_footprints 156:Footprint C14 on root level
02-05 22:30:50 com_github_MitjaNemec_PlaceFootprints.place_footprints 156:Footprint J4 on root level
02-05 22:30:50 com_github_MitjaNemec_PlaceFootprints.place_footprints 156:Footprint R14 on root level
02-05 22:30:50 com_github_MitjaNemec_PlaceFootprints.place_footprints 156:Footprint C5 on root level
02-05 22:30:50 com_github_MitjaNemec_PlaceFootprints.place_footprints 156:Footprint C8 on root level
02-05 22:30:50 com_github_MitjaNemec_PlaceFootprints.place_footprints 156:Footprint C17 on root level
02-05 22:30:50 com_github_MitjaNemec_PlaceFootprints.place_footprints 156:Footprint J5 on root level
02-05 22:30:50 com_github_MitjaNemec_PlaceFootprints.place_footprints 156:Footprint C9 on root level
02-05 22:30:50 com_github_MitjaNemec_PlaceFootprints.place_footprints 156:Footprint R8 on root level
02-05 22:30:50 com_github_MitjaNemec_PlaceFootprints.place_footprints 156:Footprint C16 on root level
02-05 22:30:50 com_github_MitjaNemec_PlaceFootprints.place_footprints 156:Footprint J1 on root level
02-05 22:30:50 com_github_MitjaNemec_PlaceFootprints.place_footprints 156:Footprint R4 on root level
02-05 22:30:50 com_github_MitjaNemec_PlaceFootprints.place_footprints 156:Footprint FB1 on root level
02-05 22:30:50 com_github_MitjaNemec_PlaceFootprints.place_footprints 156:Footprint C13 on root level
02-05 22:30:50 com_github_MitjaNemec_PlaceFootprints.place_footprints 156:Footprint C12 on root level
02-05 22:30:50 com_github_MitjaNemec_PlaceFootprints.place_footprints 156:Footprint R12 on root level
02-05 22:30:50 com_github_MitjaNemec_PlaceFootprints.place_footprints 156:Footprint R15 on root level
02-05 22:30:50 com_github_MitjaNemec_PlaceFootprints.place_footprints 156:Footprint J3 on root level
02-05 22:30:50 com_github_MitjaNemec_PlaceFootprints.place_footprints 156:Footprint D2 on root level
02-05 22:30:50 com_github_MitjaNemec_PlaceFootprints.place_footprints 156:Footprint R3 on root level
02-05 22:30:50 com_github_MitjaNemec_PlaceFootprints.place_footprints 156:Footprint R7 on root level
02-05 22:30:50 com_github_MitjaNemec_PlaceFootprints.place_footprints 156:Footprint C4 on root level
02-05 22:30:50 com_github_MitjaNemec_PlaceFootprints.place_footprints 156:Footprint J2 on root level
02-05 22:30:50 com_github_MitjaNemec_PlaceFootprints.place_footprints 156:Footprint D3 on root level
02-05 22:30:50 com_github_MitjaNemec_PlaceFootprints.place_footprints 156:Footprint R2 on root level
02-05 22:30:50 com_github_MitjaNemec_PlaceFootprints.action_place_footprints 717:Reference footprint='C11'
02-05 22:30:52 com_github_MitjaNemec_PlaceFootprints.action_place_footprints 858:Reference designator is: C
02-05 22:30:52 com_github_MitjaNemec_PlaceFootprints.action_place_footprints 859:Reference number is: 11
02-05 22:30:52 com_github_MitjaNemec_PlaceFootprints.action_place_footprints 891:Sorted and filtered list:
['C1', 'C2', 'C3', 'C4', 'C5', 'C6', 'C7', 'C8', 'C9', 'C10', 'C11', 'C12', 'C13', 'C14', 'C15', 'C16', 'C17', 'C18']
02-05 22:30:52 com_github_MitjaNemec_PlaceFootprints.action_place_footprints 376:wx.Colour(240, 240, 240, 255)
02-05 22:31:16 com_github_MitjaNemec_PlaceFootprints.action_place_footprints 507:'0'
02-05 22:31:16 com_github_MitjaNemec_PlaceFootprints.action_place_footprints 553:Preparing config for reference linear
02-05 22:31:16 com_github_MitjaNemec_PlaceFootprints.action_place_footprints 573:Saving config file
02-05 22:31:16 com_github_MitjaNemec_PlaceFootprints.action_place_footprints 575:Saved the config file
02-05 22:31:16 com_github_MitjaNemec_PlaceFootprints.action_place_footprints 929:Footprints to place:
['C12']
02-05 22:31:16 com_github_MitjaNemec_PlaceFootprints.place_footprints 396:Starting placing with linear layout
02-05 22:31:16 com_github_MitjaNemec_PlaceFootprints.action_place_footprints 973:Fatal error when executing place footprints
Traceback (most recent call last):
  File "C:\Users\ADMIN\OneDrive\Tài liệu\KiCad\9.0\3rdparty\plugins\com_github_MitjaNemec_PlaceFootprints\action_place_footprints.py", line 968, in Run
    placer.place_linear(footprints_to_place, ref_fp_ref, step_x, step_y, step, rotation,
  File "C:\Users\ADMIN\OneDrive\Tài liệu\KiCad\9.0\3rdparty\plugins\com_github_MitjaNemec_PlaceFootprints\place_footprints.py", line 406, in place_linear
    ref_fp_index = footprints.index(ref_fp)
                   ^^^^^^^^^^^^^^^^^^^^^^^^
ValueError: Footprint(ref='C11', fp=<pcbnew.FOOTPRINT; proxy of <Swig Object of type 'FOOTPRINT *' at 0x000001C75B5FBD50> >, fp_id='4994B11E-B5E7-4E5A-80C1-51E6D13A0FC0', sheet_id=[], filename=[]) is not in list
